<?xml version="1.0" encoding="UTF-8"?>
<!-- Generated by org.testng.reporters.JUnitReportReporter -->
<testsuite hostname="LAPTOP-DQVJ9FH9" failures="0" tests="1" name="testCases.TC_002_LoginTest" time="2.574" errors="0" timestamp="2024-12-28T18:11:43 IST" skipped="0">
  <testcase classname="testCases.TC_002_LoginTest" name="test_Login" time="2.574"/>
</testsuite> <!-- testCases.TC_002_LoginTest -->
