<?xml version="1.0" encoding="UTF-8"?>
<!-- Generated by org.testng.reporters.JUnitReportReporter -->
<testsuite hostname="LAPTOP-DQVJ9FH9" failures="0" tests="1" name="testCases.TC_001_AccRegistrationTest" time="5.973" errors="0" timestamp="2024-12-28T18:11:43 IST" skipped="0">
  <testcase classname="testCases.TC_001_AccRegistrationTest" name="test_account_Registration" time="5.973"/>
</testsuite> <!-- testCases.TC_001_AccRegistrationTest -->
